<?xml version="1.0" encoding="UTF-8"?>
<!-- Generated by org.testng.reporters.JUnitReportReporter -->
<testsuite hostname="DESKTOP-4OHDBHH" failures="0" tests="2" name="com.register.RegistrationFormTest" time="13.882" errors="0" timestamp="2024-10-06T21:23:06 ICT" skipped="0">
  <testcase classname="com.register.RegistrationFormTest" name="testSuccessfulRegistration" time="6.476"/>
  <testcase classname="com.register.RegistrationFormTest" name="testRegistrationWithExistingUsername" time="7.406"/>
</testsuite> <!-- com.register.RegistrationFormTest -->
