<?xml version="1.0" encoding="UTF-8"?>
<!-- Generated by org.testng.reporters.JUnitReportReporter -->
<testsuite hostname="DESKTOP-4OHDBHH" failures="0" tests="2" name="register.RegistrationFormTest" time="24.897" errors="0" timestamp="2024-10-07T07:34:06 ICT" skipped="0">
  <testcase classname="register.RegistrationFormTest" name="testSuccessfulRegistration" time="9.617"/>
  <testcase classname="register.RegistrationFormTest" name="testRegistrationWithExistingUsername" time="15.280"/>
</testsuite> <!-- register.RegistrationFormTest -->
