<?xml version="1.0" encoding="UTF-8"?>
<!-- Generated by org.testng.reporters.JUnitReportReporter -->
<testsuite hostname="DESKTOP-4OHDBHH" failures="0" tests="2" name="register.RegistrationFormTest" time="12.325" errors="0" timestamp="2024-10-06T21:50:37 ICT" skipped="0">
  <testcase classname="register.RegistrationFormTest" name="testSuccessfulRegistration" time="6.475"/>
  <testcase classname="register.RegistrationFormTest" name="testRegistrationWithExistingUsername" time="5.850"/>
</testsuite> <!-- register.RegistrationFormTest -->
